

Microchip MPLAB XC8 Assembler V2.32 build 20210201212658 
                                                                                               Sun Mar 06 22:36:52 2022

Microchip MPLAB XC8 C Compiler v2.32 (Free license) build 20210201212658 Og1 
     1                           	processor	16F887
     2                           	pagewidth 120
     3                           	opt	flic
     4                           	psect	cinit,global,class=CODE,merge=1,delta=2
     5                           	psect	bssCOMMON,global,class=COMMON,space=1,delta=1,noexec
     6                           	psect	cstackCOMMON,global,class=COMMON,space=1,delta=1,noexec
     7                           	psect	maintext,global,class=CODE,split=1,delta=2
     8                           	psect	text1,local,class=CODE,merge=1,delta=2
     9                           	psect	text2,local,class=CODE,merge=1,delta=2
    10                           	psect	text3,local,class=CODE,merge=1,delta=2
    11                           	psect	text4,local,class=CODE,merge=1,delta=2
    12                           	psect	text5,local,class=CODE,merge=1,delta=2
    13                           	psect	intentry,global,class=CODE,delta=2
    14                           	psect	config,global,abs,ovrld,class=CONFIG,space=4,delta=2,noexec
    15                           	dabs	1,0x7E,2
    16  0000                     
    17                           ; Version 2.20
    18                           ; Generated 12/02/2020 GMT
    19                           ; 
    20                           ; Copyright © 2020, Microchip Technology Inc. and its subsidiaries ("Microchip")
    21                           ; All rights reserved.
    22                           ; 
    23                           ; This software is developed by Microchip Technology Inc. and its subsidiaries ("Microch
      +                          ip").
    24                           ; 
    25                           ; Redistribution and use in source and binary forms, with or without modification, are
    26                           ; permitted provided that the following conditions are met:
    27                           ; 
    28                           ;     1. Redistributions of source code must retain the above copyright notice, this lis
      +                          t of
    29                           ;        conditions and the following disclaimer.
    30                           ; 
    31                           ;     2. Redistributions in binary form must reproduce the above copyright notice, this 
      +                          list
    32                           ;        of conditions and the following disclaimer in the documentation and/or other
    33                           ;        materials provided with the distribution.
    34                           ; 
    35                           ;     3. Microchip's name may not be used to endorse or promote products derived from th
      +                          is
    36                           ;        software without specific prior written permission.
    37                           ; 
    38                           ; THIS SOFTWARE IS PROVIDED BY MICROCHIP "AS IS" AND ANY EXPRESS OR IMPLIED WARRANTIES,
    39                           ; INCLUDING, BUT NOT LIMITED TO, THE IMPLIED WARRANTIES OF MERCHANTABILITY AND FITNESS F
      +                          OR
    40                           ; PURPOSE ARE DISCLAIMED.  IN NO EVENT SHALL MICROCHIP BE LIABLE FOR ANY DIRECT, INDIREC
      +                          T,
    41                           ; INCIDENTAL, SPECIAL, EXEMPLARY, OR CONSEQUENTIAL DAMAGES (INCLUDING BUT NOT LIMITED TO
    42                           ; PROCUREMENT OF SUBSTITUTE GOODS OR SERVICES; LOSS OF USE, DATA OR PROFITS; OR BUSINESS
    43                           ; INTERRUPTION) HOWSOEVER CAUSED AND ON ANY THEORY OF LIABILITY, WHETHER IN CONTRACT, ST
      +                          RICT
    44                           ; LIABILITY, OR TORT (INCLUDING NEGLIGENCE OR OTHERWISE) ARISING IN ANY WAY OUT OF THE U
      +                          SE OF
    45                           ; THIS SOFTWARE, EVEN IF ADVISED OF THE POSSIBILITY OF SUCH DAMAGE.
    46                           ; 
    47                           ; 
    48                           ; Code-generator required, PIC16F887 Definitions
    49                           ; 
    50                           ; SFR Addresses
    51  0000                     	;# 
    52  0001                     	;# 
    53  0002                     	;# 
    54  0003                     	;# 
    55  0004                     	;# 
    56  0005                     	;# 
    57  0006                     	;# 
    58  0007                     	;# 
    59  0008                     	;# 
    60  0009                     	;# 
    61  000A                     	;# 
    62  000B                     	;# 
    63  000C                     	;# 
    64  000D                     	;# 
    65  000E                     	;# 
    66  000E                     	;# 
    67  000F                     	;# 
    68  0010                     	;# 
    69  0011                     	;# 
    70  0012                     	;# 
    71  0013                     	;# 
    72  0014                     	;# 
    73  0015                     	;# 
    74  0015                     	;# 
    75  0016                     	;# 
    76  0017                     	;# 
    77  0018                     	;# 
    78  0019                     	;# 
    79  001A                     	;# 
    80  001B                     	;# 
    81  001B                     	;# 
    82  001C                     	;# 
    83  001D                     	;# 
    84  001E                     	;# 
    85  001F                     	;# 
    86  0081                     	;# 
    87  0085                     	;# 
    88  0086                     	;# 
    89  0087                     	;# 
    90  0088                     	;# 
    91  0089                     	;# 
    92  008C                     	;# 
    93  008D                     	;# 
    94  008E                     	;# 
    95  008F                     	;# 
    96  0090                     	;# 
    97  0091                     	;# 
    98  0092                     	;# 
    99  0093                     	;# 
   100  0093                     	;# 
   101  0093                     	;# 
   102  0094                     	;# 
   103  0095                     	;# 
   104  0096                     	;# 
   105  0097                     	;# 
   106  0098                     	;# 
   107  0099                     	;# 
   108  009A                     	;# 
   109  009B                     	;# 
   110  009C                     	;# 
   111  009D                     	;# 
   112  009E                     	;# 
   113  009F                     	;# 
   114  0105                     	;# 
   115  0107                     	;# 
   116  0108                     	;# 
   117  0109                     	;# 
   118  010C                     	;# 
   119  010C                     	;# 
   120  010D                     	;# 
   121  010E                     	;# 
   122  010F                     	;# 
   123  0185                     	;# 
   124  0187                     	;# 
   125  0188                     	;# 
   126  0189                     	;# 
   127  018C                     	;# 
   128  018D                     	;# 
   129  0000                     	;# 
   130  0001                     	;# 
   131  0002                     	;# 
   132  0003                     	;# 
   133  0004                     	;# 
   134  0005                     	;# 
   135  0006                     	;# 
   136  0007                     	;# 
   137  0008                     	;# 
   138  0009                     	;# 
   139  000A                     	;# 
   140  000B                     	;# 
   141  000C                     	;# 
   142  000D                     	;# 
   143  000E                     	;# 
   144  000E                     	;# 
   145  000F                     	;# 
   146  0010                     	;# 
   147  0011                     	;# 
   148  0012                     	;# 
   149  0013                     	;# 
   150  0014                     	;# 
   151  0015                     	;# 
   152  0015                     	;# 
   153  0016                     	;# 
   154  0017                     	;# 
   155  0018                     	;# 
   156  0019                     	;# 
   157  001A                     	;# 
   158  001B                     	;# 
   159  001B                     	;# 
   160  001C                     	;# 
   161  001D                     	;# 
   162  001E                     	;# 
   163  001F                     	;# 
   164  0081                     	;# 
   165  0085                     	;# 
   166  0086                     	;# 
   167  0087                     	;# 
   168  0088                     	;# 
   169  0089                     	;# 
   170  008C                     	;# 
   171  008D                     	;# 
   172  008E                     	;# 
   173  008F                     	;# 
   174  0090                     	;# 
   175  0091                     	;# 
   176  0092                     	;# 
   177  0093                     	;# 
   178  0093                     	;# 
   179  0093                     	;# 
   180  0094                     	;# 
   181  0095                     	;# 
   182  0096                     	;# 
   183  0097                     	;# 
   184  0098                     	;# 
   185  0099                     	;# 
   186  009A                     	;# 
   187  009B                     	;# 
   188  009C                     	;# 
   189  009D                     	;# 
   190  009E                     	;# 
   191  009F                     	;# 
   192  0105                     	;# 
   193  0107                     	;# 
   194  0108                     	;# 
   195  0109                     	;# 
   196  010C                     	;# 
   197  010C                     	;# 
   198  010D                     	;# 
   199  010E                     	;# 
   200  010F                     	;# 
   201  0185                     	;# 
   202  0187                     	;# 
   203  0188                     	;# 
   204  0189                     	;# 
   205  018C                     	;# 
   206  018D                     	;# 
   207  0000                     	;# 
   208  0001                     	;# 
   209  0002                     	;# 
   210  0003                     	;# 
   211  0004                     	;# 
   212  0005                     	;# 
   213  0006                     	;# 
   214  0007                     	;# 
   215  0008                     	;# 
   216  0009                     	;# 
   217  000A                     	;# 
   218  000B                     	;# 
   219  000C                     	;# 
   220  000D                     	;# 
   221  000E                     	;# 
   222  000E                     	;# 
   223  000F                     	;# 
   224  0010                     	;# 
   225  0011                     	;# 
   226  0012                     	;# 
   227  0013                     	;# 
   228  0014                     	;# 
   229  0015                     	;# 
   230  0015                     	;# 
   231  0016                     	;# 
   232  0017                     	;# 
   233  0018                     	;# 
   234  0019                     	;# 
   235  001A                     	;# 
   236  001B                     	;# 
   237  001B                     	;# 
   238  001C                     	;# 
   239  001D                     	;# 
   240  001E                     	;# 
   241  001F                     	;# 
   242  0081                     	;# 
   243  0085                     	;# 
   244  0086                     	;# 
   245  0087                     	;# 
   246  0088                     	;# 
   247  0089                     	;# 
   248  008C                     	;# 
   249  008D                     	;# 
   250  008E                     	;# 
   251  008F                     	;# 
   252  0090                     	;# 
   253  0091                     	;# 
   254  0092                     	;# 
   255  0093                     	;# 
   256  0093                     	;# 
   257  0093                     	;# 
   258  0094                     	;# 
   259  0095                     	;# 
   260  0096                     	;# 
   261  0097                     	;# 
   262  0098                     	;# 
   263  0099                     	;# 
   264  009A                     	;# 
   265  009B                     	;# 
   266  009C                     	;# 
   267  009D                     	;# 
   268  009E                     	;# 
   269  009F                     	;# 
   270  0105                     	;# 
   271  0107                     	;# 
   272  0108                     	;# 
   273  0109                     	;# 
   274  010C                     	;# 
   275  010C                     	;# 
   276  010D                     	;# 
   277  010E                     	;# 
   278  010F                     	;# 
   279  0185                     	;# 
   280  0187                     	;# 
   281  0188                     	;# 
   282  0189                     	;# 
   283  018C                     	;# 
   284  018D                     	;# 
   285  0014                     _SSPCON	set	20
   286  000B                     _INTCONbits	set	11
   287  0008                     _PORTD	set	8
   288  0013                     _SSPBUF	set	19
   289  0014                     _SSPCONbits	set	20
   290  000C                     _PIR1bits	set	12
   291  0005                     _PORTA	set	5
   292  0091                     _SSPCON2bits	set	145
   293  0087                     _TRISCbits	set	135
   294  0093                     _SSPADD	set	147
   295  0091                     _SSPCON2	set	145
   296  0094                     _SSPSTAT	set	148
   297  008C                     _PIE1bits	set	140
   298  008F                     _OSCCONbits	set	143
   299  0088                     _TRISD	set	136
   300  0085                     _TRISA	set	133
   301  0094                     _SSPSTATbits	set	148
   302  04A0                     _BF	set	1184
   303  0189                     _ANSELH	set	393
   304  0188                     _ANSEL	set	392
   305                           
   306                           	psect	cinit
   307  000F                     start_initialization:	
   308                           ; #config settings
   309                           
   310  000F                     __initialization:
   311                           
   312                           ; Clear objects allocated to COMMON
   313  000F  01F4               	clrf	__pbssCOMMON& (0+127)
   314  0010  01F5               	clrf	(__pbssCOMMON+1)& (0+127)
   315  0011  01F6               	clrf	(__pbssCOMMON+2)& (0+127)
   316  0012                     end_of_initialization:	
   317                           ;End of C runtime variable initialization code
   318                           
   319  0012                     __end_of__initialization:
   320  0012  0183               	clrf	3
   321  0013  120A  118A  28AB   	ljmp	_main	;jump to C main() function
   322                           
   323                           	psect	bssCOMMON
   324  0074                     __pbssCOMMON:
   325  0074                     _data:
   326  0074                     	ds	2
   327  0076                     _trash:
   328  0076                     	ds	1
   329                           
   330                           	psect	cstackCOMMON
   331  0070                     __pcstackCOMMON:
   332  0070                     ?_setup:
   333  0070                     ?_config_io:	
   334                           ; 1 bytes @ 0x0
   335                           
   336  0070                     ?_config_clock:	
   337                           ; 1 bytes @ 0x0
   338                           
   339  0070                     ?_i2c_SlaveInit:	
   340                           ; 1 bytes @ 0x0
   341                           
   342  0070                     ?_isr:	
   343                           ; 1 bytes @ 0x0
   344                           
   345  0070                     ??_isr:	
   346                           ; 1 bytes @ 0x0
   347                           
   348  0070                     ?_main:	
   349                           ; 1 bytes @ 0x0
   350                           
   351                           
   352                           ; 1 bytes @ 0x0
   353  0070                     	ds	3
   354  0073                     ??_config_io:
   355  0073                     ??_config_clock:	
   356                           ; 1 bytes @ 0x3
   357                           
   358  0073                     ??_i2c_SlaveInit:	
   359                           ; 1 bytes @ 0x3
   360                           
   361  0073                     i2c_SlaveInit@address:	
   362                           ; 1 bytes @ 0x3
   363                           
   364                           
   365                           ; 1 bytes @ 0x3
   366  0073                     	ds	1
   367  0074                     ??_setup:
   368  0074                     ??_main:	
   369                           ; 1 bytes @ 0x4
   370                           
   371                           
   372                           	psect	maintext
   373  00AB                     __pmaintext:	
   374                           ; 1 bytes @ 0x4
   375 ;;
   376 ;;Main: autosize = 0, tempsize = 0, incstack = 0, save=0
   377 ;;
   378 ;; *************** function _main *****************
   379 ;; Defined at:
   380 ;;		line 123 in file "C:/Users/nicou/OneDrive/Documents/2022/1er_semestre/Digital_2/MiniProy2/MP2-Slave.X/main-Slave.c"
   381 ;; Parameters:    Size  Location     Type
   382 ;;		None
   383 ;; Auto vars:     Size  Location     Type
   384 ;;		None
   385 ;; Return value:  Size  Location     Type
   386 ;;                  1    wreg      void 
   387 ;; Registers used:
   388 ;;		wreg, status,2, status,0, pclath, cstack
   389 ;; Tracked objects:
   390 ;;		On entry : B00/0
   391 ;;		On exit  : 0/0
   392 ;;		Unchanged: 0/0
   393 ;; Data sizes:     COMMON   BANK0   BANK1   BANK3   BANK2
   394 ;;      Params:         0       0       0       0       0
   395 ;;      Locals:         0       0       0       0       0
   396 ;;      Temps:          0       0       0       0       0
   397 ;;      Totals:         0       0       0       0       0
   398 ;;Total ram usage:        0 bytes
   399 ;; Hardware stack levels required when called: 3
   400 ;; This function calls:
   401 ;;		_setup
   402 ;; This function is called by:
   403 ;;		Startup code after reset
   404 ;; This function uses a non-reentrant model
   405 ;;
   406                           
   407                           
   408                           ;psect for function _main
   409  00AB                     _main:
   410  00AB                     l816:	
   411                           ;incstack = 0
   412                           ; Regs used in _main: [wreg+status,2+status,0+pclath+cstack]
   413                           
   414                           
   415                           ;main-Slave.c: 124: setup();
   416  00AB  120A  118A  208D  120A  118A  	fcall	_setup
   417  00B0                     l818:
   418                           
   419                           ;main-Slave.c: 125: data.send = 1;
   420  00B0  01F4               	clrf	_data
   421  00B1  0AF4               	incf	_data,f
   422  00B2                     l65:	
   423                           ;main-Slave.c: 126: while (1){
   424                           
   425  00B2                     l66:
   426  00B2  28B2               	goto	l65
   427  00B3  120A  118A  280C   	ljmp	start
   428  00B6                     __end_of_main:
   429                           
   430                           	psect	text1
   431  008D                     __ptext1:	
   432 ;; *************** function _setup *****************
   433 ;; Defined at:
   434 ;;		line 139 in file "C:/Users/nicou/OneDrive/Documents/2022/1er_semestre/Digital_2/MiniProy2/MP2-Slave.X/main-Slave.c"
   435 ;; Parameters:    Size  Location     Type
   436 ;;		None
   437 ;; Auto vars:     Size  Location     Type
   438 ;;		None
   439 ;; Return value:  Size  Location     Type
   440 ;;                  1    wreg      void 
   441 ;; Registers used:
   442 ;;		wreg, status,2, status,0, pclath, cstack
   443 ;; Tracked objects:
   444 ;;		On entry : 0/0
   445 ;;		On exit  : 0/0
   446 ;;		Unchanged: 0/0
   447 ;; Data sizes:     COMMON   BANK0   BANK1   BANK3   BANK2
   448 ;;      Params:         0       0       0       0       0
   449 ;;      Locals:         0       0       0       0       0
   450 ;;      Temps:          0       0       0       0       0
   451 ;;      Totals:         0       0       0       0       0
   452 ;;Total ram usage:        0 bytes
   453 ;; Hardware stack levels used: 1
   454 ;; Hardware stack levels required when called: 2
   455 ;; This function calls:
   456 ;;		_config_clock
   457 ;;		_config_io
   458 ;;		_i2c_SlaveInit
   459 ;; This function is called by:
   460 ;;		_main
   461 ;; This function uses a non-reentrant model
   462 ;;
   463                           
   464                           
   465                           ;psect for function _setup
   466  008D                     _setup:
   467  008D                     l742:	
   468                           ;incstack = 0
   469                           ; Regs used in _setup: [wreg+status,2+status,0+pclath+cstack]
   470                           
   471                           
   472                           ;main-Slave.c: 140: config_io();
   473  008D  120A  118A  209E  120A  118A  	fcall	_config_io
   474  0092                     l744:
   475                           
   476                           ;main-Slave.c: 141: config_clock();
   477  0092  120A  118A  20B6  120A  118A  	fcall	_config_clock
   478  0097                     l746:
   479                           
   480                           ;main-Slave.c: 143: i2c_SlaveInit(0x50);
   481  0097  3050               	movlw	80
   482  0098  120A  118A  207B  120A  118A  	fcall	_i2c_SlaveInit
   483  009D                     l71:
   484  009D  0008               	return
   485  009E                     __end_of_setup:
   486                           
   487                           	psect	text2
   488  007B                     __ptext2:	
   489 ;; *************** function _i2c_SlaveInit *****************
   490 ;; Defined at:
   491 ;;		line 94 in file "C:/Users/nicou/OneDrive/Documents/2022/1er_semestre/Digital_2/MiniProy2/MP2-Maestro.X/i2c.c"
   492 ;; Parameters:    Size  Location     Type
   493 ;;  address         1    wreg     unsigned char 
   494 ;; Auto vars:     Size  Location     Type
   495 ;;  address         1    3[COMMON] unsigned char 
   496 ;; Return value:  Size  Location     Type
   497 ;;                  1    wreg      void 
   498 ;; Registers used:
   499 ;;		wreg
   500 ;; Tracked objects:
   501 ;;		On entry : 0/0
   502 ;;		On exit  : 0/0
   503 ;;		Unchanged: 0/0
   504 ;; Data sizes:     COMMON   BANK0   BANK1   BANK3   BANK2
   505 ;;      Params:         0       0       0       0       0
   506 ;;      Locals:         1       0       0       0       0
   507 ;;      Temps:          0       0       0       0       0
   508 ;;      Totals:         1       0       0       0       0
   509 ;;Total ram usage:        1 bytes
   510 ;; Hardware stack levels used: 1
   511 ;; Hardware stack levels required when called: 1
   512 ;; This function calls:
   513 ;;		Nothing
   514 ;; This function is called by:
   515 ;;		_setup
   516 ;; This function uses a non-reentrant model
   517 ;;
   518                           
   519                           
   520                           ;psect for function _i2c_SlaveInit
   521  007B                     _i2c_SlaveInit:
   522                           
   523                           ;incstack = 0
   524                           ; Regs used in _i2c_SlaveInit: [wreg]
   525                           ;i2c_SlaveInit@address stored from wreg
   526  007B  00F3               	movwf	i2c_SlaveInit@address
   527  007C                     l732:
   528                           
   529                           ;i2c.c: 95: SSPADD = address;
   530  007C  0873               	movf	i2c_SlaveInit@address,w
   531  007D  1683               	bsf	3,5	;RP0=1, select bank1
   532  007E  1303               	bcf	3,6	;RP1=0, select bank1
   533  007F  0093               	movwf	19	;volatile
   534                           
   535                           ;i2c.c: 96: SSPCON = 0x36;
   536  0080  3036               	movlw	54
   537  0081  1283               	bcf	3,5	;RP0=0, select bank0
   538  0082  1303               	bcf	3,6	;RP1=0, select bank0
   539  0083  0094               	movwf	20	;volatile
   540                           
   541                           ;i2c.c: 97: SSPSTAT = 0x80;
   542  0084  3080               	movlw	128
   543  0085  1683               	bsf	3,5	;RP0=1, select bank1
   544  0086  1303               	bcf	3,6	;RP1=0, select bank1
   545  0087  0094               	movwf	20	;volatile
   546                           
   547                           ;i2c.c: 98: SSPCON2 = 0x01;
   548  0088  3001               	movlw	1
   549  0089  0091               	movwf	17	;volatile
   550  008A                     l734:
   551                           
   552                           ;i2c.c: 99: TRISCbits.TRISC3 = 1;
   553  008A  1587               	bsf	7,3	;volatile
   554  008B                     l736:
   555                           
   556                           ;i2c.c: 100: TRISCbits.TRISC4 = 1;
   557  008B  1607               	bsf	7,4	;volatile
   558  008C                     l134:
   559  008C  0008               	return
   560  008D                     __end_of_i2c_SlaveInit:
   561                           
   562                           	psect	text3
   563  009E                     __ptext3:	
   564 ;; *************** function _config_io *****************
   565 ;; Defined at:
   566 ;;		line 147 in file "C:/Users/nicou/OneDrive/Documents/2022/1er_semestre/Digital_2/MiniProy2/MP2-Slave.X/main-Slave.c"
   567 ;; Parameters:    Size  Location     Type
   568 ;;		None
   569 ;; Auto vars:     Size  Location     Type
   570 ;;		None
   571 ;; Return value:  Size  Location     Type
   572 ;;                  1    wreg      void 
   573 ;; Registers used:
   574 ;;		status,2
   575 ;; Tracked objects:
   576 ;;		On entry : 0/0
   577 ;;		On exit  : 0/0
   578 ;;		Unchanged: 0/0
   579 ;; Data sizes:     COMMON   BANK0   BANK1   BANK3   BANK2
   580 ;;      Params:         0       0       0       0       0
   581 ;;      Locals:         0       0       0       0       0
   582 ;;      Temps:          0       0       0       0       0
   583 ;;      Totals:         0       0       0       0       0
   584 ;;Total ram usage:        0 bytes
   585 ;; Hardware stack levels used: 1
   586 ;; Hardware stack levels required when called: 1
   587 ;; This function calls:
   588 ;;		Nothing
   589 ;; This function is called by:
   590 ;;		_setup
   591 ;; This function uses a non-reentrant model
   592 ;;
   593                           
   594                           
   595                           ;psect for function _config_io
   596  009E                     _config_io:
   597  009E                     l726:	
   598                           ;incstack = 0
   599                           ; Regs used in _config_io: [status,2]
   600                           
   601                           
   602                           ;main-Slave.c: 148: ANSEL = 0;
   603  009E  1683               	bsf	3,5	;RP0=1, select bank3
   604  009F  1703               	bsf	3,6	;RP1=1, select bank3
   605  00A0  0188               	clrf	8	;volatile
   606                           
   607                           ;main-Slave.c: 149: ANSELH = 0;
   608  00A1  0189               	clrf	9	;volatile
   609                           
   610                           ;main-Slave.c: 151: TRISA = 0;
   611  00A2  1683               	bsf	3,5	;RP0=1, select bank1
   612  00A3  1303               	bcf	3,6	;RP1=0, select bank1
   613  00A4  0185               	clrf	5	;volatile
   614                           
   615                           ;main-Slave.c: 152: TRISD = 0;
   616  00A5  0188               	clrf	8	;volatile
   617                           
   618                           ;main-Slave.c: 155: PORTA = 0;
   619  00A6  1283               	bcf	3,5	;RP0=0, select bank0
   620  00A7  1303               	bcf	3,6	;RP1=0, select bank0
   621  00A8  0185               	clrf	5	;volatile
   622                           
   623                           ;main-Slave.c: 156: PORTD = 0;
   624  00A9  0188               	clrf	8	;volatile
   625  00AA                     l74:
   626  00AA  0008               	return
   627  00AB                     __end_of_config_io:
   628                           
   629                           	psect	text4
   630  00B6                     __ptext4:	
   631 ;; *************** function _config_clock *****************
   632 ;; Defined at:
   633 ;;		line 161 in file "C:/Users/nicou/OneDrive/Documents/2022/1er_semestre/Digital_2/MiniProy2/MP2-Slave.X/main-Slave.c"
   634 ;; Parameters:    Size  Location     Type
   635 ;;		None
   636 ;; Auto vars:     Size  Location     Type
   637 ;;		None
   638 ;; Return value:  Size  Location     Type
   639 ;;                  1    wreg      void 
   640 ;; Registers used:
   641 ;;		wreg, status,2, status,0
   642 ;; Tracked objects:
   643 ;;		On entry : 0/0
   644 ;;		On exit  : 0/0
   645 ;;		Unchanged: 0/0
   646 ;; Data sizes:     COMMON   BANK0   BANK1   BANK3   BANK2
   647 ;;      Params:         0       0       0       0       0
   648 ;;      Locals:         0       0       0       0       0
   649 ;;      Temps:          0       0       0       0       0
   650 ;;      Totals:         0       0       0       0       0
   651 ;;Total ram usage:        0 bytes
   652 ;; Hardware stack levels used: 1
   653 ;; Hardware stack levels required when called: 1
   654 ;; This function calls:
   655 ;;		Nothing
   656 ;; This function is called by:
   657 ;;		_setup
   658 ;; This function uses a non-reentrant model
   659 ;;
   660                           
   661                           
   662                           ;psect for function _config_clock
   663  00B6                     _config_clock:
   664  00B6                     l728:	
   665                           ;incstack = 0
   666                           ; Regs used in _config_clock: [wreg+status,2+status,0]
   667                           
   668                           
   669                           ;main-Slave.c: 162: OSCCONbits.IRCF = 0b110;
   670  00B6  1683               	bsf	3,5	;RP0=1, select bank1
   671  00B7  1303               	bcf	3,6	;RP1=0, select bank1
   672  00B8  080F               	movf	15,w	;volatile
   673  00B9  398F               	andlw	-113
   674  00BA  3860               	iorlw	96
   675  00BB  008F               	movwf	15	;volatile
   676  00BC                     l730:
   677                           
   678                           ;main-Slave.c: 163: OSCCONbits.SCS = 1;
   679  00BC  140F               	bsf	15,0	;volatile
   680  00BD                     l77:
   681  00BD  0008               	return
   682  00BE                     __end_of_config_clock:
   683                           
   684                           	psect	text5
   685  0016                     __ptext5:	
   686 ;; *************** function _isr *****************
   687 ;; Defined at:
   688 ;;		line 70 in file "C:/Users/nicou/OneDrive/Documents/2022/1er_semestre/Digital_2/MiniProy2/MP2-Slave.X/main-Slave.c"
   689 ;; Parameters:    Size  Location     Type
   690 ;;		None
   691 ;; Auto vars:     Size  Location     Type
   692 ;;		None
   693 ;; Return value:  Size  Location     Type
   694 ;;                  1    wreg      void 
   695 ;; Registers used:
   696 ;;		wreg, status,2, status,0
   697 ;; Tracked objects:
   698 ;;		On entry : 0/0
   699 ;;		On exit  : 0/0
   700 ;;		Unchanged: 0/0
   701 ;; Data sizes:     COMMON   BANK0   BANK1   BANK3   BANK2
   702 ;;      Params:         0       0       0       0       0
   703 ;;      Locals:         0       0       0       0       0
   704 ;;      Temps:          3       0       0       0       0
   705 ;;      Totals:         3       0       0       0       0
   706 ;;Total ram usage:        3 bytes
   707 ;; Hardware stack levels used: 1
   708 ;; This function calls:
   709 ;;		Nothing
   710 ;; This function is called by:
   711 ;;		Interrupt level 1
   712 ;; This function uses a non-reentrant model
   713 ;;
   714                           
   715                           
   716                           ;psect for function _isr
   717  0016                     _isr:
   718  0016                     i1l780:
   719                           
   720                           ;main-Slave.c: 71: PORTA++;
   721  0016  3001               	movlw	1
   722  0017  00F0               	movwf	??_isr
   723  0018  0870               	movf	??_isr,w
   724  0019  1283               	bcf	3,5	;RP0=0, select bank0
   725  001A  1303               	bcf	3,6	;RP1=0, select bank0
   726  001B  0785               	addwf	5,f	;volatile
   727  001C                     i1l782:
   728                           
   729                           ;main-Slave.c: 73: if(PIR1bits.SSPIF){
   730  001C  1D8C               	btfss	12,3	;volatile
   731  001D  281F               	goto	u4_21
   732  001E  2820               	goto	u4_20
   733  001F                     u4_21:
   734  001F  2874               	goto	i1l60
   735  0020                     u4_20:
   736  0020                     i1l784:
   737                           
   738                           ;main-Slave.c: 75: SSPCONbits.CKP = 0;
   739  0020  1214               	bcf	20,4	;volatile
   740                           
   741                           ;main-Slave.c: 77: if ((SSPCONbits.SSPOV) || (SSPCONbits.WCOL)){
   742  0021  1B14               	btfsc	20,6	;volatile
   743  0022  2824               	goto	u5_21
   744  0023  2825               	goto	u5_20
   745  0024                     u5_21:
   746  0024  2829               	goto	i1l788
   747  0025                     u5_20:
   748  0025                     i1l786:
   749  0025  1F94               	btfss	20,7	;volatile
   750  0026  2828               	goto	u6_21
   751  0027  2829               	goto	u6_20
   752  0028                     u6_21:
   753  0028  2830               	goto	i1l796
   754  0029                     u6_20:
   755  0029                     i1l788:
   756                           
   757                           ;main-Slave.c: 78: trash = SSPBUF;
   758  0029  0813               	movf	19,w	;volatile
   759  002A  00F0               	movwf	??_isr
   760  002B  0870               	movf	??_isr,w
   761  002C  00F6               	movwf	_trash
   762  002D                     i1l790:
   763                           
   764                           ;main-Slave.c: 79: SSPCONbits.SSPOV = 0;
   765  002D  1314               	bcf	20,6	;volatile
   766  002E                     i1l792:
   767                           
   768                           ;main-Slave.c: 80: SSPCONbits.WCOL = 0;
   769  002E  1394               	bcf	20,7	;volatile
   770  002F                     i1l794:
   771                           
   772                           ;main-Slave.c: 81: SSPCONbits.CKP = 1;
   773  002F  1614               	bsf	20,4	;volatile
   774  0030                     i1l796:
   775                           
   776                           ;main-Slave.c: 82: };main-Slave.c: 84: if(!SSPSTATbits.D_nA && !SSPSTATbits.R_nW) {
   777  0030  1683               	bsf	3,5	;RP0=1, select bank1
   778  0031  1303               	bcf	3,6	;RP1=0, select bank1
   779  0032  1A94               	btfsc	20,5	;volatile
   780  0033  2835               	goto	u7_21
   781  0034  2836               	goto	u7_20
   782  0035                     u7_21:
   783  0035  2851               	goto	i1l51
   784  0036                     u7_20:
   785  0036                     i1l798:
   786  0036  1914               	btfsc	20,2	;volatile
   787  0037  2839               	goto	u8_21
   788  0038  283A               	goto	u8_20
   789  0039                     u8_21:
   790  0039  2851               	goto	i1l51
   791  003A                     u8_20:
   792  003A                     i1l800:
   793                           
   794                           ;main-Slave.c: 86: trash = SSPBUF;
   795  003A  1283               	bcf	3,5	;RP0=0, select bank0
   796  003B  1303               	bcf	3,6	;RP1=0, select bank0
   797  003C  0813               	movf	19,w	;volatile
   798  003D  00F0               	movwf	??_isr
   799  003E  0870               	movf	??_isr,w
   800  003F  00F6               	movwf	_trash
   801  0040                     i1l802:
   802                           
   803                           ;main-Slave.c: 90: PIR1bits.SSPIF = 0;
   804  0040  118C               	bcf	12,3	;volatile
   805  0041                     i1l804:
   806                           
   807                           ;main-Slave.c: 91: SSPCONbits.CKP = 1;
   808  0041  1614               	bsf	20,4	;volatile
   809  0042                     i1l52:	
   810                           ;main-Slave.c: 92: while(!SSPSTATbits.BF);
   811                           
   812  0042  1683               	bsf	3,5	;RP0=1, select bank1
   813  0043  1303               	bcf	3,6	;RP1=0, select bank1
   814  0044  1C14               	btfss	20,0	;volatile
   815  0045  2847               	goto	u9_21
   816  0046  2848               	goto	u9_20
   817  0047                     u9_21:
   818  0047  2842               	goto	i1l52
   819  0048                     u9_20:
   820  0048                     i1l806:
   821                           
   822                           ;main-Slave.c: 93: PORTD = SSPBUF;
   823  0048  1283               	bcf	3,5	;RP0=0, select bank0
   824  0049  1303               	bcf	3,6	;RP1=0, select bank0
   825  004A  0813               	movf	19,w	;volatile
   826  004B  0088               	movwf	8	;volatile
   827                           
   828                           ;main-Slave.c: 95: _delay((unsigned long)((250)*(4000000/4000000.0)));
   829  004C  3053               	movlw	83
   830  004D  00F0               	movwf	??_isr
   831  004E                     u14_27:
   832  004E  0BF0               	decfsz	??_isr,f
   833  004F  284E               	goto	u14_27
   834                           
   835                           ;main-Slave.c: 97: }else if(!SSPSTATbits.D_nA && SSPSTATbits.R_nW){
   836  0050  2871               	goto	i1l55
   837  0051                     i1l51:
   838  0051  1A94               	btfsc	20,5	;volatile
   839  0052  2854               	goto	u10_21
   840  0053  2855               	goto	u10_20
   841  0054                     u10_21:
   842  0054  2871               	goto	i1l55
   843  0055                     u10_20:
   844  0055                     i1l808:
   845  0055  1D14               	btfss	20,2	;volatile
   846  0056  2858               	goto	u11_21
   847  0057  2859               	goto	u11_20
   848  0058                     u11_21:
   849  0058  2871               	goto	i1l55
   850  0059                     u11_20:
   851  0059                     i1l810:
   852                           
   853                           ;main-Slave.c: 98: trash = SSPBUF;
   854  0059  1283               	bcf	3,5	;RP0=0, select bank0
   855  005A  1303               	bcf	3,6	;RP1=0, select bank0
   856  005B  0813               	movf	19,w	;volatile
   857  005C  00F0               	movwf	??_isr
   858  005D  0870               	movf	??_isr,w
   859  005E  00F6               	movwf	_trash
   860  005F                     i1l812:
   861                           
   862                           ;main-Slave.c: 99: BF = 0;
   863  005F  1683               	bsf	3,5	;RP0=1, select bank1
   864  0060  1303               	bcf	3,6	;RP1=0, select bank1
   865  0061  1014               	bcf	20,0	;volatile
   866                           
   867                           ;main-Slave.c: 100: SSPBUF = data.send;
   868  0062  0874               	movf	_data,w
   869  0063  1283               	bcf	3,5	;RP0=0, select bank0
   870  0064  1303               	bcf	3,6	;RP1=0, select bank0
   871  0065  0093               	movwf	19	;volatile
   872  0066                     i1l814:
   873                           
   874                           ;main-Slave.c: 101: SSPCONbits.CKP = 1;
   875  0066  1614               	bsf	20,4	;volatile
   876                           
   877                           ;main-Slave.c: 102: _delay((unsigned long)((250)*(4000000/4000000.0)));
   878  0067  3053               	movlw	83
   879  0068  00F0               	movwf	??_isr
   880  0069                     u15_27:
   881  0069  0BF0               	decfsz	??_isr,f
   882  006A  2869               	goto	u15_27
   883  006B                     i1l57:	
   884                           ;main-Slave.c: 103: while(SSPSTATbits.BF);
   885                           
   886  006B  1683               	bsf	3,5	;RP0=1, select bank1
   887  006C  1303               	bcf	3,6	;RP1=0, select bank1
   888  006D  1814               	btfsc	20,0	;volatile
   889  006E  2870               	goto	u12_21
   890  006F  2871               	goto	u12_20
   891  0070                     u12_21:
   892  0070  286B               	goto	i1l57
   893  0071                     u12_20:
   894  0071                     i1l55:
   895                           
   896                           ;main-Slave.c: 104: };main-Slave.c: 106: PIR1bits.SSPIF = 0;
   897  0071  1283               	bcf	3,5	;RP0=0, select bank0
   898  0072  1303               	bcf	3,6	;RP1=0, select bank0
   899  0073  118C               	bcf	12,3	;volatile
   900  0074                     i1l60:
   901  0074  0872               	movf	??_isr+2,w
   902  0075  008A               	movwf	10
   903  0076  0E71               	swapf	??_isr+1,w
   904  0077  0083               	movwf	3
   905  0078  0EFE               	swapf	btemp,f
   906  0079  0E7E               	swapf	btemp,w
   907  007A  0009               	retfie
   908  007B                     __end_of_isr:
   909  007E                     btemp	set	126	;btemp
   910  007E                     wtemp0	set	126
   911                           
   912                           	psect	intentry
   913  0004                     __pintentry:	
   914                           ;incstack = 0
   915                           ; Regs used in _isr: [wreg+status,2+status,0]
   916                           
   917  0004                     interrupt_function:
   918  007E                     saved_w	set	btemp
   919  0004  00FE               	movwf	btemp
   920  0005  0E03               	swapf	3,w
   921  0006  00F1               	movwf	??_isr+1
   922  0007  080A               	movf	10,w
   923  0008  00F2               	movwf	??_isr+2
   924  0009  120A  118A  2816   	ljmp	_isr
   925                           
   926                           	psect	config
   927                           
   928                           ;Config register CONFIG1 @ 0x2007
   929                           ;	Oscillator Selection bits
   930                           ;	FOSC = INTRC_NOCLKOUT, INTOSCIO oscillator: I/O function on RA6/OSC2/CLKOUT pin, I/O f
      +                          unction on RA7/OSC1/CLKIN
   931                           ;	Watchdog Timer Enable bit
   932                           ;	WDTE = OFF, WDT disabled and can be enabled by SWDTEN bit of the WDTCON register
   933                           ;	Power-up Timer Enable bit
   934                           ;	PWRTE = OFF, PWRT disabled
   935                           ;	RE3/MCLR pin function select bit
   936                           ;	MCLRE = OFF, RE3/MCLR pin function is digital input, MCLR internally tied to VDD
   937                           ;	Code Protection bit
   938                           ;	CP = OFF, Program memory code protection is disabled
   939                           ;	Data Code Protection bit
   940                           ;	CPD = OFF, Data memory code protection is disabled
   941                           ;	Brown Out Reset Selection bits
   942                           ;	BOREN = OFF, BOR disabled
   943                           ;	Internal External Switchover bit
   944                           ;	IESO = OFF, Internal/External Switchover mode is disabled
   945                           ;	Fail-Safe Clock Monitor Enabled bit
   946                           ;	FCMEN = OFF, Fail-Safe Clock Monitor is disabled
   947                           ;	Low Voltage Programming Enable bit
   948                           ;	LVP = OFF, RB3 pin has digital I/O, HV on MCLR must be used for programming
   949                           ;	In-Circuit Debugger Mode bit
   950                           ;	DEBUG = 0x1, unprogrammed default
   951  2007                     	org	8199
   952  2007  20D4               	dw	8404
   953                           
   954                           ;Config register CONFIG2 @ 0x2008
   955                           ;	Brown-out Reset Selection bit
   956                           ;	BOR4V = BOR40V, Brown-out Reset set to 4.0V
   957                           ;	Flash Program Memory Self Write Enable bits
   958                           ;	WRT = OFF, Write protection off
   959  2008                     	org	8200
   960  2008  3FFF               	dw	16383

Data Sizes:
    Strings     0
    Constant    0
    Data        0
    BSS         3
    Persistent  0
    Stack       0

Auto Spaces:
    Space          Size  Autos    Used
    COMMON           14      4       7
    BANK0            80      0       0
    BANK1            80      0       0
    BANK3            96      0       0
    BANK2            96      0       0

Pointer List with Targets:

    None.

Critical Paths under _main in COMMON

    _setup->_i2c_SlaveInit

Critical Paths under _isr in COMMON

    None.

Critical Paths under _main in BANK0

    None.

Critical Paths under _isr in BANK0

    None.

Critical Paths under _main in BANK1

    None.

Critical Paths under _isr in BANK1

    None.

Critical Paths under _main in BANK3

    None.

Critical Paths under _isr in BANK3

    None.

Critical Paths under _main in BANK2

    None.

Critical Paths under _isr in BANK2

    None.

Call Graph Tables:

 ---------------------------------------------------------------------------------
 (Depth) Function   	        Calls       Base Space   Used Autos Params    Refs
 ---------------------------------------------------------------------------------
 (0) _main                                                 0     0      0      15
                              _setup
 ---------------------------------------------------------------------------------
 (1) _setup                                                0     0      0      15
                       _config_clock
                          _config_io
                      _i2c_SlaveInit
 ---------------------------------------------------------------------------------
 (2) _i2c_SlaveInit                                        1     1      0      15
                                              3 COMMON     1     1      0
 ---------------------------------------------------------------------------------
 (2) _config_io                                            0     0      0       0
 ---------------------------------------------------------------------------------
 (2) _config_clock                                         0     0      0       0
 ---------------------------------------------------------------------------------
 Estimated maximum stack depth 2
 ---------------------------------------------------------------------------------
 (Depth) Function   	        Calls       Base Space   Used Autos Params    Refs
 ---------------------------------------------------------------------------------
 (3) _isr                                                  3     3      0       0
                                              0 COMMON     3     3      0
 ---------------------------------------------------------------------------------
 Estimated maximum stack depth 3
 ---------------------------------------------------------------------------------

 Call Graph Graphs:

 _main (ROOT)
   _setup
     _config_clock
     _config_io
     _i2c_SlaveInit

 _isr (ROOT)

 Address spaces:
Name               Size   Autos  Total    Cost      Usage
BITCOMMON            E      0       0       0        0.0%
EEDATA             100      0       0       0        0.0%
NULL                 0      0       0       0        0.0%
CODE                 0      0       0       0        0.0%
COMMON               E      4       7       1       50.0%
BITSFR0              0      0       0       1        0.0%
SFR0                 0      0       0       1        0.0%
BITSFR1              0      0       0       2        0.0%
SFR1                 0      0       0       2        0.0%
STACK                0      0       0       2        0.0%
ABS                  0      0       7       3        0.0%
BITBANK0            50      0       0       4        0.0%
BITSFR3              0      0       0       4        0.0%
SFR3                 0      0       0       4        0.0%
BANK0               50      0       0       5        0.0%
BITSFR2              0      0       0       5        0.0%
SFR2                 0      0       0       5        0.0%
BITBANK1            50      0       0       6        0.0%
BANK1               50      0       0       7        0.0%
BITBANK3            60      0       0       8        0.0%
BANK3               60      0       0       9        0.0%
BITBANK2            60      0       0      10        0.0%
BANK2               60      0       0      11        0.0%
DATA                 0      0       7      12        0.0%


Microchip Technology PIC Macro Assembler V2.32 build 20210201212658 
Symbol Table                                                                                   Sun Mar 06 22:36:52 2022

         ?_i2c_SlaveInit 0070              _SSPSTATbits 0094                       _BF 04A0  
                     l71 009D                       l65 00B2                       l74 00AA  
                     l66 00B2                       l77 00BD                      l134 008C  
                    l730 00BC                      l732 007C                      l726 009E  
                    l734 008A                      l742 008D                      l728 00B6  
                    l736 008B                      l744 0092                      l816 00AB  
                    l746 0097                      l818 00B0                      _isr 0016  
                   ?_isr 0070                     i1l51 0051                     i1l52 0042  
                   i1l60 0074                     i1l55 0071                     i1l57 006B  
                   u4_20 0020                     u4_21 001F                     u5_20 0025  
                   u5_21 0024                     u6_20 0029                     u6_21 0028  
                   u7_20 0036                     u7_21 0035                     u8_20 003A  
                   u8_21 0039                     u9_20 0048                     u9_21 0047  
                   _data 0074                     _main 00AB                     btemp 007E  
         ??_config_clock 0073                     start 000C                    ??_isr 0070  
                  ?_main 0070                    _ANSEL 0188                    i1l800 003A  
                  i1l810 0059                    i1l802 0040                    i1l812 005F  
                  i1l804 0041                    i1l814 0066                    i1l806 0048  
                  i1l808 0055                    i1l780 0016                    i1l790 002D  
                  i1l782 001C                    i1l792 002E                    i1l784 0020  
                  i1l794 002F                    i1l786 0025                    i1l796 0030  
                  i1l788 0029                    i1l798 0036                    u10_20 0055  
                  u10_21 0054                    u11_20 0059                    u11_21 0058  
                  u12_20 0071                    u12_21 0070                    u14_27 004E  
                  u15_27 0069                    _PORTA 0005                    _PORTD 0008  
                  _TRISA 0085                    _TRISD 0088                    _setup 008D  
                  _trash 0076                    pclath 000A                    status 0003  
                  wtemp0 007E          ??_i2c_SlaveInit 0073          __initialization 000F  
           __end_of_main 00B6                   ??_main 0074                   ?_setup 0070  
                 _ANSELH 0189                   _SSPADD 0093                   _SSPBUF 0013  
                 _SSPCON 0014     __end_of_config_clock 00BE                   saved_w 007E  
__end_of__initialization 0012           __pcstackCOMMON 0070            __end_of_setup 009E  
     __size_of_config_io 000D                  ??_setup 0074               __pmaintext 00AB  
             __pintentry 0004                  _SSPCON2 0091                  _SSPSTAT 0094  
      __end_of_config_io 00AB    __size_of_config_clock 0008                  __ptext1 008D  
                __ptext2 007B                  __ptext3 009E                  __ptext4 00B6  
                __ptext5 0016             __size_of_isr 0065     end_of_initialization 0012  
           _config_clock 00B6    __end_of_i2c_SlaveInit 008D                _TRISCbits 0087  
    start_initialization 000F              __end_of_isr 007B              __pbssCOMMON 0074  
              ___latbits 0002                _config_io 009E           __size_of_setup 0011  
      interrupt_function 0004                 _PIE1bits 008C                 _PIR1bits 000C  
             ?_config_io 0070     i2c_SlaveInit@address 0073   __size_of_i2c_SlaveInit 0012  
          __size_of_main 000B              ??_config_io 0073               _INTCONbits 000B  
               intlevel1 0000               _OSCCONbits 008F            _i2c_SlaveInit 007B  
            _SSPCON2bits 0091               _SSPCONbits 0014            ?_config_clock 0070  
